[Sun Nov 10 15:53:28.127112 2024] [ssl:warn] [pid 13580:tid 392] AH01909: www.example.com:443:0 server certificate does NOT include an ID which matches the server name
[Sun Nov 10 15:53:28.157377 2024] [ssl:warn] [pid 13580:tid 392] AH01909: www.example.com:443:0 server certificate does NOT include an ID which matches the server name
[Sun Nov 10 15:53:28.247203 2024] [mpm_winnt:notice] [pid 13580:tid 392] AH00455: Apache/2.4.56 (Win64) OpenSSL/1.1.1t PHP/8.2.4 configured -- resuming normal operations
[Sun Nov 10 15:53:28.247203 2024] [mpm_winnt:notice] [pid 13580:tid 392] AH00456: Apache Lounge VS16 Server built: Mar  7 2023 13:21:03
[Sun Nov 10 15:53:28.247203 2024] [core:notice] [pid 13580:tid 392] AH00094: Command line: 'apache\\bin\\httpd.exe -d C:/Users/hruth/Downloads/MoodleWindowsInstaller-latest/server/apache'
[Sun Nov 10 15:53:28.254688 2024] [mpm_winnt:notice] [pid 13580:tid 392] AH00418: Parent: Created child process 3112
Apache server shutdown initiated...
sl:warn] [pid 3112:tid 376] AH01909: www.example.com:443:0 server certificate does NOT include an ID which matches the server name
[Sun Nov 10 15:53:28.557279 2024] [ssl:warn] [pid 3112:tid 376] AH01909: www.example.com:443:0 server certificate does NOT include an ID which matches the server name
[Sun Nov 10 15:53:28.601956 2024] [mpm_winnt:notice] [pid 3112:tid 376] AH00354: Child: Starting 150 worker threads.
[Sun Nov 10 15:53:35.398626 2024] [mpm_winnt:notice] [pid 13580:tid 392] AH00422: Parent: Received shutdown signal -- Shutting down the server.
[Sun Nov 10 15:53:37.425459 2024] [mpm_winnt:notice] [pid 3112:tid 376] AH00364: Child: All worker threads have exited.
[Sun Nov 10 15:53:37.452568 2024] [mpm_winnt:notice] [pid 13580:tid 392] AH00430: Parent: Child process 3112 exited successfully.
[Sun Nov 10 15:53:59.992611 2024] [ssl:warn] [pid 11080:tid 404] AH01909: www.example.com:443:0 server certificate does NOT include an ID which matches the server name
[Sun Nov 10 15:54:00.008237 2024] [ssl:warn] [pid 11080:tid 404] AH01909: www.example.com:443:0 server certificate does NOT include an ID which matches the server name
[Sun Nov 10 15:54:00.039902 2024] [mpm_winnt:notice] [pid 11080:tid 404] AH00455: Apache/2.4.56 (Win64) OpenSSL/1.1.1t PHP/8.2.4 configured -- resuming normal operations
[Sun Nov 10 15:54:00.039902 2024] [mpm_winnt:notice] [pid 11080:tid 404] AH00456: Apache Lounge VS16 Server built: Mar  7 2023 13:21:03
[Sun Nov 10 15:54:00.039902 2024] [core:notice] [pid 11080:tid 404] AH00094: Command line: 'apache\\bin\\httpd.exe -d C:/Users/hruth/Downloads/MoodleWindowsInstaller-latest/server/apache -f conf\\httpd.conf'
[Sun Nov 10 15:54:00.055548 2024] [mpm_winnt:notice] [pid 11080:tid 404] AH00418: Parent: Created child process 19792
Apache server shutdown initiated...
sl:warn] [pid 19792:tid 404] AH01909: www.example.com:443:0 server certificate does NOT include an ID which matches the server name
[Sun Nov 10 15:54:00.417072 2024] [ssl:warn] [pid 19792:tid 404] AH01909: www.example.com:443:0 server certificate does NOT include an ID which matches the server name
[Sun Nov 10 15:54:00.448745 2024] [mpm_winnt:notice] [pid 19792:tid 404] AH00354: Child: Starting 150 worker threads.
[Sun Nov 10 15:54:01.719975 2024] [mpm_winnt:notice] [pid 11080:tid 404] AH00422: Parent: Received shutdown signal -- Shutting down the server.
[Sun Nov 10 15:54:03.744440 2024] [mpm_winnt:notice] [pid 19792:tid 404] AH00364: Child: All worker threads have exited.
[Sun Nov 10 15:54:03.822596 2024] [mpm_winnt:notice] [pid 11080:tid 404] AH00430: Parent: Child process 19792 exited successfully.
